

FATAL ERROR:  Unhandled Access Violation Writing 0x0050 Exception at 29907303h

06/05/2015 at 19:12:49.363  Drawing: Drawing1.dwg
-------------


FATAL ERROR:  Unhandled Access Violation Writing 0x0050 Exception at 29907303h

06/05/2015 at 19:14:17.558  Drawing: Drawing1.dwg
-------------


FATAL ERROR:  Unhandled Access Violation Writing 0x0050 Exception at 29907303h

06/05/2015 at 19:30:54.899  Drawing: Drawing1.dwg
-------------


FATAL ERROR:  Unhandled Access Violation Writing 0x0050 Exception at 29907303h

06/05/2015 at 19:32:01.116  Drawing: Drawing1.dwg
-------------


FATAL ERROR:  Unhandled Access Violation Writing 0x0050 Exception at 29907303h

06/05/2015 at 19:35:06.341  Drawing: Drawing1.dwg
-------------


FATAL ERROR:  Unhandled Access Violation Writing 0x0050 Exception at 29fe7303h

06/05/2015 at 19:59:32.394  Drawing: Drawing1.dwg
-------------


FATAL ERROR:  Unhandled Access Violation Reading 0x0008 Exception at 7206f10eh

07/16/2015 at 13:52:44.506  Drawing: Drawing1.dwg
-------------


FATAL ERROR:  Unhandled Access Violation Reading 0x0000 Exception at e55b762fh

07/24/2015 at 17:37:07.668  Drawing: Drawing1.dwg
-------------


FATAL ERROR:  Unhandled Access Violation Reading 0x0008 Exception at e55a903ah

07/24/2015 at 17:44:31.140  Drawing: Drawing1.dwg
-------------


FATAL ERROR:  Unhandled Access Violation Reading 0x0008 Exception at 759e56c7h

07/25/2015 at 12:01:15.141  Drawing: Drawing1.dwg
-------------


FATAL ERROR:  Unhandled Access Violation Reading 0x0008 Exception at 75566627h

07/25/2015 at 12:09:45.473  Drawing: Drawing1.dwg
-------------


FATAL ERROR:  Unhandled Access Violation Reading 0x0008 Exception at 75b06d2bh

07/25/2015 at 12:25:00.933  Drawing: Drawing1.dwg
-------------


INTERNAL ERROR:  !dbobji.cpp@8638: eNotOpenForWrite

07/26/2015 at 15:52:23.775  Drawing: Drawing1.dwg
-------------


INTERNAL ERROR:  !dbobji.cpp@8638: eNotOpenForWrite

07/26/2015 at 19:44:52.258  Drawing: Drawing1.dwg
-------------


INTERNAL ERROR:  !dbobji.cpp@8638: eNotOpenForWrite

07/26/2015 at 19:48:57.022  Drawing: Drawing1.dwg
-------------


INTERNAL ERROR:  !dbobji.cpp@8638: eNotOpenForWrite

07/26/2015 at 19:50:29.644  Drawing: Drawing1.dwg
-------------


INTERNAL ERROR:  !dbobji.cpp@8638: eNotOpenForWrite

07/26/2015 at 19:52:28.778  Drawing: Drawing1.dwg
-------------


INTERNAL ERROR:  !dbobji.cpp@8638: eNotOpenForWrite

08/01/2015 at 00:50:49.087  Drawing: C:\Users\Pedro Ceolho\Dropbox\LILIREVIEWS - ToipaCoelho\PLUGIN AUTOCAD\Exemplos\Aligeiradas\test base.dwg
-------------


FATAL ERROR:  Unhandled Access Violation Reading 0x0008 Exception at dcb61413h

08/02/2015 at 19:04:43.243  Drawing: C:\Users\Pedro Ceolho\Dropbox\LILIREVIEWS - ToipaCoelho\PLUGIN AUTOCAD\TESTES\coberturas\Drawing1.dwg
-------------


FATAL ERROR:  Unhandled Access Violation Reading 0x0000 Exception at dcb0e4abh

08/02/2015 at 19:40:13.298  Drawing: C:\Users\Pedro Ceolho\Dropbox\LILIREVIEWS - ToipaCoelho\PLUGIN AUTOCAD\Exemplos\Aligeiradas\test base.dwg
-------------
